#
# There is insufficient memory for the Java Runtime Environment to continue.
# Native memory allocation (mmap) failed to map 134217728 bytes for Failed to commit area from 0x0000000081a00000 to 0x0000000089a00000 of length 134217728.
# Possible reasons:
#   The system is out of physical RAM or swap space
#   The process is running with CompressedOops enabled, and the Java Heap may be blocking the growth of the native heap
# Possible solutions:
#   Reduce memory load on the system
#   Increase physical memory or swap space
#   Check if swap backing store is full
#   Decrease Java heap size (-Xmx/-Xms)
#   Decrease number of Java threads
#   Decrease Java thread stack sizes (-Xss)
#   Set larger code cache with -XX:ReservedCodeCacheSize=
# This output file may be truncated or incomplete.
#
#  Out of Memory Error (t:/workspace/open/src/hotspot/os/windows/os_windows.cpp:3269), pid=13700, tid=8224
#
# JRE version:  (11.0.2+9) (build )
# Java VM: OpenJDK 64-Bit Server VM (11.0.2+9, mixed mode, aot, sharing, tiered, compressed oops, g1 gc, windows-amd64)
# No core dump will be written. Minidumps are not enabled by default on client versions of Windows
#

---------------  S U M M A R Y ------------

Command Line: -ea -agentlib:jdwp=transport=dt_socket,address=127.0.0.1:54917 -Dfile.encoding=UTF-8 bluej.runtime.ExecServer UTF-8

Host: Intel(R) Core(TM) i5-8300H CPU @ 2.30GHz, 8 cores, 7G,  Windows 10 , 64 bit Build 18362 (10.0.18362.1316)
Time: Sat Feb 13 21:26:22 2021 Srednjeevropski standardni eas elapsed time: 0 seconds (0d 0h 0m 0s)

---------------  T H R E A D  ---------------

Current thread (0x0000014722cba000):  JavaThread "Unknown thread" [_thread_in_vm, id=8224, stack(0x0000001525e00000,0x0000001525f00000)]

Stack: [0x0000001525e00000,0x0000001525f00000]
Native frames: (J=compiled Java code, j=interpreted, Vv=VM code, C=native code)
V  [jvm.dll+0x63489a]
V  [jvm.dll+0x771f9f]
V  [jvm.dll+0x773648]
V  [jvm.dll+0x773d03]
V  [jvm.dll+0x25eba8]
V  [jvm.dll+0x631d3a]
V  [jvm.dll+0x626775]
V  [jvm.dll+0x313ffc]
V  [jvm.dll+0x313e82]
V  [jvm.dll+0x3196e6]
V  [jvm.dll+0x36579f]
V  [jvm.dll+0x3651c0]
V  [jvm.dll+0x2f0ff8]
V  [jvm.dll+0x2f2156]
V  [jvm.dll+0x74b4f7]
V  [jvm.dll+0x74cc3f]
V  [jvm.dll+0x372609]
V  [jvm.dll+0x731b69]
V  [jvm.dll+0x3e1bad]
V  [jvm.dll+0x3e3e81]
C  [java.exe+0x3607]
C  [java.exe+0x1746c]
C  [KERNEL32.DLL+0x17c24]
C  [ntdll.dll+0x6d4d1]


---------------  P R O C E S S  ---------------

Threads class SMR info:
_java_thread_list=0x00000147213f6aa0, length=0, elements={
}

Java Threads: ( => current thread )

Other Threads:
  0x0000014722cd0800 GCTaskThread "GC Thread#0" [stack: 0x0000001525f00000,0x0000001526000000] [id=1556]
  0x0000014722d02800 ConcurrentGCThread "G1 Main Marker" [stack: 0x0000001526000000,0x0000001526100000] [id=7528]
  0x0000014722d0a000 ConcurrentGCThread "G1 Conc#0" [stack: 0x0000001526100000,0x0000001526200000] [id=14688]

[error occurred during error reporting (printing all threads), id 0xc0000005, EXCEPTION_ACCESS_VIOLATION (0xc0000005) at pc=0x00007ff9cd28f5b7]

VM state:not at safepoint (not fully initialized)

VM Mutex/Monitor currently owned by a thread:  ([mutex/lock_event])
[0x0000014722cb8440] Heap_lock - owner thread: 0x0000014722cba000

Heap address: 0x0000000081a00000, size: 2022 MB, Compressed Oops mode: Non-zero based: 0x0000000081a00000
Narrow klass base: 0x0000000000000000, Narrow klass shift: 0

GC Heap History (0 events):
No events

Deoptimization events (0 events):
No events

Classes redefined (0 events):
No events

Internal exceptions (0 events):
No events

Events (0 events):
No events


Dynamic libraries:
0x00007ff600020000 - 0x00007ff600065000 	C:\Program Files\BlueJ\jdk\bin\java.exe
0x00007ffa15b40000 - 0x00007ffa15d30000 	C:\WINDOWS\SYSTEM32\ntdll.dll
0x00007ff9ecba0000 - 0x00007ff9ecbb2000 	C:\Program Files\AVAST Software\Avast\aswhook.dll
0x00007ffa14860000 - 0x00007ffa14912000 	C:\WINDOWS\System32\KERNEL32.DLL
0x00007ffa13910000 - 0x00007ffa13bb5000 	C:\WINDOWS\System32\KERNELBASE.dll
0x00007ffa15180000 - 0x00007ffa15314000 	C:\WINDOWS\System32\USER32.dll
0x00007ffa12ac0000 - 0x00007ffa12ae1000 	C:\WINDOWS\System32\win32u.dll
0x00007ffa15150000 - 0x00007ffa15176000 	C:\WINDOWS\System32\GDI32.dll
0x00007ffa12fa0000 - 0x00007ffa13138000 	C:\WINDOWS\System32\gdi32full.dll
0x00007ffa12b10000 - 0x00007ffa12bae000 	C:\WINDOWS\System32\msvcp_win.dll
0x00007ffa12e40000 - 0x00007ffa12f3a000 	C:\WINDOWS\System32\ucrtbase.dll
0x00007ffa02730000 - 0x00007ffa029b4000 	C:\WINDOWS\WinSxS\amd64_microsoft.windows.common-controls_6595b64144ccf1df_6.0.18362.1316_none_9e7a364fe461dbd7\COMCTL32.dll
0x00007ffa15980000 - 0x00007ffa15a1e000 	C:\WINDOWS\System32\msvcrt.dll
0x00007ffa14c60000 - 0x00007ffa14f97000 	C:\WINDOWS\System32\combase.dll
0x00007ffa155e0000 - 0x00007ffa156ff000 	C:\WINDOWS\System32\RPCRT4.dll
0x00007ffa12bb0000 - 0x00007ffa12c31000 	C:\WINDOWS\System32\bcryptPrimitives.dll
0x00007ffa15780000 - 0x00007ffa157ae000 	C:\WINDOWS\System32\IMM32.DLL
0x00007ffa0b260000 - 0x00007ffa0b276000 	C:\Program Files\BlueJ\jdk\bin\vcruntime140.dll
0x00007ff9d2de0000 - 0x00007ff9d2e8a000 	C:\Program Files\BlueJ\jdk\bin\msvcp140.dll
0x00007ff9ccf90000 - 0x00007ff9cdab3000 	C:\Program Files\BlueJ\jdk\bin\server\jvm.dll
0x00007ffa14a00000 - 0x00007ffa14aa3000 	C:\WINDOWS\System32\ADVAPI32.dll
0x00007ffa15400000 - 0x00007ffa15497000 	C:\WINDOWS\System32\sechost.dll
0x00007ffa15550000 - 0x00007ffa15558000 	C:\WINDOWS\System32\PSAPI.DLL
0x00007ffa00f00000 - 0x00007ffa00f09000 	C:\WINDOWS\SYSTEM32\WSOCK32.dll
0x00007ffa14ab0000 - 0x00007ffa14b1f000 	C:\WINDOWS\System32\WS2_32.dll
0x00007ffa0dcc0000 - 0x00007ffa0dce4000 	C:\WINDOWS\SYSTEM32\WINMM.dll
0x00007ffa0b390000 - 0x00007ffa0b39a000 	C:\WINDOWS\SYSTEM32\VERSION.dll
0x00007ffa0dc90000 - 0x00007ffa0dcbd000 	C:\WINDOWS\SYSTEM32\WINMMBASE.dll
0x00007ffa138c0000 - 0x00007ffa1390a000 	C:\WINDOWS\System32\cfgmgr32.dll
0x00007ffa12aa0000 - 0x00007ffa12ab1000 	C:\WINDOWS\System32\kernel.appcore.dll
0x00007ffa0b170000 - 0x00007ffa0b181000 	C:\Program Files\BlueJ\jdk\bin\verify.dll
0x00007ffa113b0000 - 0x00007ffa115a4000 	C:\WINDOWS\SYSTEM32\DBGHELP.DLL
0x00007ffa092e0000 - 0x00007ffa0930a000 	C:\WINDOWS\SYSTEM32\dbgcore.DLL
0x00007ffa04350000 - 0x00007ffa04378000 	C:\Program Files\BlueJ\jdk\bin\java.dll
0x00007ff9d90f0000 - 0x00007ff9d9127000 	C:\Program Files\BlueJ\jdk\bin\jdwp.dll
0x00007ffa04400000 - 0x00007ffa04416000 	C:\Program Files\BlueJ\jdk\bin\zip.dll
0x00007ffa0ce80000 - 0x00007ffa0ce8a000 	C:\Program Files\BlueJ\jdk\bin\jimage.dll

dbghelp: loaded successfully - version: 4.0.5 - missing functions: none
symbol engine: initialized successfully - sym options: 0x614 - pdb path: .;C:\Program Files\BlueJ\jdk\bin;C:\WINDOWS\SYSTEM32;C:\Program Files\AVAST Software\Avast;C:\WINDOWS\WinSxS\amd64_microsoft.windows.common-controls_6595b64144ccf1df_6.0.18362.1316_none_9e7a364fe461dbd7;C:\Program Files\BlueJ\jdk\bin\server

VM Arguments:
jvm_args: -ea -agentlib:jdwp=transport=dt_socket,address=127.0.0.1:54917 -Dfile.encoding=UTF-8 
java_command: bluej.runtime.ExecServer UTF-8
java_class_path (initial): C:\Program Files\BlueJ\lib\bluejcore.jar;C:\Program Files\BlueJ\lib\junit-4.11.jar;C:\Program Files\BlueJ\lib\hamcrest-core-1.3.jar;C:\Program Files\BlueJ\lib\lang-stride.jar;C:\Program Files\BlueJ\lib\javafx\lib\javafx.base.jar;C:\Program Files\BlueJ\lib\javafx\lib\javafx.controls.jar;C:\Program Files\BlueJ\lib\javafx\lib\javafx.fxml.jar;C:\Program Files\BlueJ\lib\javafx\lib\javafx.graphics.jar;C:\Program Files\BlueJ\lib\javafx\lib\javafx.media.jar;C:\Program Files\BlueJ\lib\javafx\lib\javafx.properties.jar;C:\Program Files\BlueJ\lib\javafx\lib\javafx.swing.jar;C:\Program Files\BlueJ\lib\javafx\lib\javafx.web.jar;C:\Program Files\BlueJ\lib\javafx\lib\javafx.base.jar;C:\Program Files\BlueJ\lib\javafx\lib\javafx.controls.jar;C:\Program Files\BlueJ\lib\javafx\lib\javafx.fxml.jar;C:\Program Files\BlueJ\lib\javafx\lib\javafx.graphics.jar;C:\Program Files\BlueJ\lib\javafx\lib\javafx.media.jar;C:\Program Files\BlueJ\lib\javafx\lib\javafx.properties.jar;C:\Program Files\BlueJ\lib\javafx\lib\javafx.swing.jar;C:\Program Files\BlueJ\lib\javafx\lib\javafx.web.jar
Launcher Type: SUN_STANDARD

[Global flags]
     intx CICompilerCount                          = 4                                         {product} {ergonomic}
     uint ConcGCThreads                            = 2                                         {product} {ergonomic}
     uint G1ConcRefinementThreads                  = 8                                         {product} {ergonomic}
   size_t G1HeapRegionSize                         = 1048576                                   {product} {ergonomic}
    uintx GCDrainStackTargetSize                   = 64                                        {product} {ergonomic}
   size_t InitialHeapSize                          = 134217728                                 {product} {ergonomic}
   size_t MarkStackSize                            = 4194304                                   {product} {ergonomic}
   size_t MaxHeapSize                              = 2120220672                                {product} {ergonomic}
   size_t MinHeapDeltaBytes                        = 1048576                                   {product} {ergonomic}
    uintx NonNMethodCodeHeapSize                   = 5835340                                {pd product} {ergonomic}
    uintx NonProfiledCodeHeapSize                  = 122911450                              {pd product} {ergonomic}
    uintx ProfiledCodeHeapSize                     = 122911450                              {pd product} {ergonomic}
    uintx ReservedCodeCacheSize                    = 251658240                              {pd product} {ergonomic}
     bool SegmentedCodeCache                       = true                                      {product} {ergonomic}
     bool UseCompressedClassPointers               = true                                 {lp64_product} {ergonomic}
     bool UseCompressedOops                        = true                                 {lp64_product} {ergonomic}
     bool UseG1GC                                  = true                                      {product} {ergonomic}
     bool UseLargePagesIndividualAllocation        = false                                  {pd product} {ergonomic}

Logging:
Log output configuration:
 #0: stdout all=warning uptime,level,tags
 #1: stderr all=off uptime,level,tags

Environment Variables:
JAVA_HOME=C:\Users\Gašper\AppData\Local\Programs\AdoptOpenJDK\jdk-11.0.9.101-hotspot\
PATH=C:\Program Files\Java\jdk1.8.0_202\bin;C:\WINDOWS\system32;C:\WINDOWS;C:\WINDOWS\System32\Wbem;C:\WINDOWS\System32\WindowsPowerShell\v1.0\C:\Program Files\Java\jdk1.8.0_202\binC:\Program Files\Java\jre1.8.0_202\bin;C:\WINDOWS\System32\OpenSSH\;C:\Program Files (x86)\QuickTime\QTSystem\;C:\Program Files (x86)\CineForm\Tools;C:\Program Files\Git\cmd;C:\WINDOWS\System32\WindowsPowerShell\v1.0\;C:\Program Files\nodejs\;C:\Users\Gašper\AppData\Local\Programs\AdoptOpenJDK\jdk-11.0.9.101-hotspot\bin;C:\Program Files\MySQL\MySQL Shell 8.0\bin\;C:\Users\Gašper\AppData\Local\Programs\Python\Python39\Scripts\;C:\Users\Gašper\AppData\Local\Programs\Python\Python39\;C:\Program Files\Java\jdk1.8.0_202\bin;C:\Windows\system32;C:\Windows;C:\Windows\System32\Wbem;C:\Windows\System32\WindowsPowerShell\v1.0\C:\Program Files\Java\jdk1.8.0_202\binC:\Program Files\Java\jre1.8.0_202\bin;C:\Windows\System32\OpenSSH\;C:\Program Files (x86)\QuickTime\QTSystem\;C:\Program Files (x86)\CineForm\Tools;C:\Program Files\Java\jdk1.8.0_202;C:\Users\Gašper\AppData\Local\Microsoft\WindowsApps;;C:\Users\Gašper\AppData\Local\Programs\Microsoft VS Code\bin;C:\Users\Gašper\AppData\Roaming\npm
USERNAME=Gašper
OS=Windows_NT
PROCESSOR_IDENTIFIER=Intel64 Family 6 Model 158 Stepping 10, GenuineIntel



---------------  S Y S T E M  ---------------

OS: Windows 10 , 64 bit Build 18362 (10.0.18362.1316)

CPU:total 8 (initial active 8) (4 cores per cpu, 2 threads per core) family 6 model 158 stepping 10, cmov, cx8, fxsr, mmx, sse, sse2, sse3, ssse3, sse4.1, sse4.2, popcnt, avx, avx2, aes, clmul, erms, 3dnowpref, lzcnt, ht, tsc, tscinvbit, bmi1, bmi2, adx, fma

Memory: 4k page, system-wide physical 8081M (1610M free)
TotalPageFile size 9987M (AvailPageFile size 15M)
current process WorkingSet (physical memory assigned to process): 10M, peak: 10M
current process commit charge ("private bytes"): 60M, peak: 188M

vm_info: OpenJDK 64-Bit Server VM (11.0.2+9) for windows-amd64 JRE (11.0.2+9), built on Jan 18 2019 05:23:22 by "mach5one" with MS VC++ 15.5 (VS2017)

END.
